#
# A fatal error has been detected by the Java Runtime Environment:
#
#  SIGSEGV (0xb) at pc=0x00007f3565d72cdb, pid=9915, tid=139867085854464
#
# JRE version: OpenJDK Runtime Environment (7.0_65-b32) (build 1.7.0_65-b32)
# Java VM: OpenJDK 64-Bit Server VM (24.65-b04 mixed mode linux-amd64 compressed oops)
# Problematic frame:
# V  [libjvm.so+0x543cdb]  STWGCTimer::register_gc_start(Ticks const&)+0x1b
#
# Failed to write core dump. Core dumps have been disabled. To enable core dumping, try "ulimit -c unlimited" before starting Java again
#
# If you would like to submit a bug report, please include
# instructions on how to reproduce the bug and visit:
#   http://icedtea.classpath.org/bugzilla
#

---------------  T H R E A D  ---------------

Current thread (0x0000000000801000):  VMThread [stack: 0x00007f3557e7d000,0x00007f3557f7e000] [id=9928]

siginfo:si_signo=SIGSEGV: si_errno=0, si_code=1 (SEGV_MAPERR), si_addr=0x0000000000000000

Registers:
RAX=0x0000000000000000, RBX=0x00007f35665ffde0, RCX=0x000000005652a33f, RDX=0x0000000000014c61
RSP=0x00007f3557f7c6b0, RBP=0x00007f3557f7c6d0, RSI=0x00007f3557f7c960, RDI=0x00007f35665ffde0
R8 =0x000000000000003e, R9 =0x0000000000010000, R10=0x000000000000000d, R11=0x00007f3566986c70
R12=0x00007f3566614460, R13=0x00000000007acd10, R14=0x000000000000079f, R15=0x000000000000000a
RIP=0x00007f3565d72cdb, EFLAGS=0x0000000000010202, CSGSFS=0x0000000000000033, ERR=0x0000000000000006
  TRAPNO=0x000000000000000e

Top of Stack: (sp=0x00007f3557f7c6b0)
0x00007f3557f7c6b0:   000000005652a33f 00000000007a8570
0x00007f3557f7c6c0:   00007f3566614460 00000000007acd10
0x00007f3557f7c6d0:   00007f3557f7ca60 00007f3566045a52
0x00007f3557f7c6e0:   000000007e000000 000000003b200000
0x00007f3557f7c6f0:   00007f3500000000 00007f350000000a
0x00007f3557f7c700:   00000000007ab0a0 00007f3500000ca7
0x00007f3557f7c710:   00007f35665b1cd0 0000000020700000
0x00007f3557f7c720:   00000000007ab0a0 000000003b200000
0x00007f3557f7c730:   00007f3557f7c750 0000000020708000
0x00007f3557f7c740:   0000000023a6df80 0000000738d8ac70
0x00007f3557f7c750:   000000000066cbf0 00000000000003d8
0x00007f3557f7c760:   0000000000000000 00000000007b45f8
0x00007f3557f7c770:   00000000007b4220 00007f35665fe3f0
0x00007f3557f7c780:   00000000007ad2f0 00007f35665da930
0x00007f3557f7c790:   00007f35665f622d 00000000007b4210
0x00007f3557f7c7a0:   000000000066cbf0 0000000a00800730
0x00007f3557f7c7b0:   00000000007acd10 00000000007ab350
0x00007f3557f7c7c0:   0000000000800730 00000000007ab3e0
0x00007f3557f7c7d0:   0000000000000000 0000000000000000
0x00007f3557f7c7e0:   0000000000000000 0000000000000000
0x00007f3557f7c7f0:   00000000000003d8 0000000000000477
0x00007f3557f7c800:   00000000337c4fc3 00000000001cce51
0x00007f3557f7c810:   0000003000000010 00007f3557f7cbc0
0x00007f3557f7c820:   00007f3557f7cae0 00000000007ab3e0
0x00007f3557f7c830:   00000000007acd10 00000000007b4210
0x00007f3557f7c840:   0101010101010100 000000000000000a
0x00007f3557f7c850:   00007f35665bd5d0 00000000007ff450
0x00007f3557f7c860:   00007f3557f7c9a0 0000000000800100
0x00007f3557f7c870:   0000000000000000 0000000000000000
0x00007f3557f7c880:   00007f35661b824e 00007f3500000000
0x00007f3557f7c890:   00007f35665ffde0 00000000337c53ef
0x00007f3557f7c8a0:   00007f35661b7c46 0000000000000000 

Instructions: (pc=0x00007f3565d72cdb)
0x00007f3565d72cbb:   8b 45 d8 eb 96 55 48 89 e5 48 89 5d e8 4c 89 65
0x00007f3565d72ccb:   f0 48 89 fb 4c 89 6d f8 48 83 ec 20 48 8b 47 18
0x00007f3565d72cdb:   c7 00 00 00 00 00 c7 47 34 00 00 00 00 48 c7 47
0x00007f3565d72ceb:   38 00 00 00 00 48 c7 47 40 00 00 00 00 4c 8b 67 

Register to memory mapping:

RAX=0x0000000000000000 is an unknown value
RBX=0x00007f35665ffde0: <offset 0xdd0de0> in /usr/lib/jvm/java-7-openjdk-amd64/jre/lib/amd64/server/libjvm.so at 0x00007f356582f000
RCX=0x000000005652a33f is an unknown value
RDX=0x0000000000014c61 is an unknown value
RSP=0x00007f3557f7c6b0 is an unknown value
RBP=0x00007f3557f7c6d0 is an unknown value
RSI=0x00007f3557f7c960 is an unknown value
RDI=0x00007f35665ffde0: <offset 0xdd0de0> in /usr/lib/jvm/java-7-openjdk-amd64/jre/lib/amd64/server/libjvm.so at 0x00007f356582f000
R8 =0x000000000000003e is an unknown value
R9 =0x0000000000010000 is an unknown value
R10=0x000000000000000d is an unknown value
R11=0x00007f3566986c70: <offset 0x155c70> in /lib/x86_64-linux-gnu/libc.so.6 at 0x00007f3566831000
R12=0x00007f3566614460: <offset 0xde5460> in /usr/lib/jvm/java-7-openjdk-amd64/jre/lib/amd64/server/libjvm.so at 0x00007f356582f000
R13=0x00000000007acd10 is an unknown value
R14=0x000000000000079f is an unknown value
R15=0x000000000000000a is an unknown value


Stack: [0x00007f3557e7d000,0x00007f3557f7e000],  sp=0x00007f3557f7c6b0,  free space=1021k
Native frames: (J=compiled Java code, j=interpreted, Vv=VM code, C=native code)
V  [libjvm.so+0x543cdb]  STWGCTimer::register_gc_start(Ticks const&)+0x1b
V  [libjvm.so+0x816a52]  PSScavenge::invoke_no_policy()+0x42
V  [libjvm.so+0x818003]  PSScavenge::invoke()+0x43
V  [libjvm.so+0x7d17be]  ParallelScavengeHeap::failed_mem_allocate(unsigned long)+0x6e
V  [libjvm.so+0x929830]  VM_ParallelGCFailedAllocation::doit()+0x90
V  [libjvm.so+0x92df32]  VM_Operation::evaluate()+0x52
V  [libjvm.so+0x92c8b8]  VMThread::evaluate_operation(VM_Operation*)+0x318
V  [libjvm.so+0x92ccde]  VMThread::loop()+0x1ee
V  [libjvm.so+0x92d122]  VMThread::run()+0x72
V  [libjvm.so+0x7afb62]  java_start(Thread*)+0xf2

VM_Operation (0x00007f356508e4b0): ParallelGCFailedAllocation, mode: safepoint, requested by thread 0x000000000079a800


---------------  P R O C E S S  ---------------

Java Threads: ( => current thread )
  0x0000000000860800 JavaThread "Service Thread" daemon [_thread_blocked, id=9940, stack(0x00007f3553c9c000,0x00007f3554572000)]
  0x0000000000855800 JavaThread "C2 CompilerThread1" daemon [_thread_blocked, id=9939, stack(0x00007f3554572000,0x00007f3554673000)]
  0x0000000000853800 JavaThread "C2 CompilerThread0" daemon [_thread_blocked, id=9938, stack(0x00007f3554673000,0x00007f3554774000)]
  0x0000000000842000 JavaThread "JDWP Event Helper Thread" daemon [_thread_blocked, id=9934, stack(0x00007f355504a000,0x00007f3555920000)]
  0x000000000083e800 JavaThread "JDWP Transport Listener: dt_socket" daemon [_thread_in_native, id=9932, stack(0x00007f3555920000,0x00007f35561f6000)]
  0x000000000082f000 JavaThread "Signal Dispatcher" daemon [_thread_blocked, id=9931, stack(0x00007f35563fb000,0x00007f3556cd1000)]
  0x0000000000807800 JavaThread "Finalizer" daemon [_thread_blocked, id=9930, stack(0x00007f3556cd1000,0x00007f35575a7000)]
  0x0000000000805800 JavaThread "Reference Handler" daemon [_thread_blocked, id=9929, stack(0x00007f35575a7000,0x00007f3557e7d000)]
  0x000000000079a800 JavaThread "main" [_thread_blocked, id=9925, stack(0x00007f35647ba000,0x00007f3565090000)]

Other Threads:
=>0x0000000000801000 VMThread [stack: 0x00007f3557e7d000,0x00007f3557f7e000] [id=9928]
  0x000000000086b000 WatcherThread [stack: 0x00007f3553b9b000,0x00007f3553c9c000] [id=9941]

VM state:at safepoint (normal execution)

VM Mutex/Monitor currently owned by a thread:  ([mutex/lock_event])
[0x0000000000796950] Threads_lock - owner thread: 0x0000000000801000
[0x0000000000796e50] Heap_lock - owner thread: 0x000000000079a800

Heap
 PSYoungGen      total 564224K, used 531488K [0x00000007c1000000, 0x00000007e5880000, 0x0000000800000000)
  eden space 531456K, 100% used [0x00000007c1000000,0x00000007e1700000,0x00000007e1700000)
  from space 32768K, 0% used [0x00000007e1700000,0x00000007e1708000,0x00000007e3700000)
  to   space 30208K, 0% used [0x00000007e3b00000,0x00000007e3b00000,0x00000007e5880000)
 ParOldGen       total 532480K, used 52631K [0x0000000743000000, 0x0000000763800000, 0x00000007c1000000)
  object space 532480K, 9% used [0x0000000743000000,0x0000000746365f80,0x0000000763800000)
 PSPermGen       total 21504K, used 3627K [0x0000000738a00000, 0x0000000739f00000, 0x0000000743000000)
  object space 21504K, 16% used [0x0000000738a00000,0x0000000738d8ac70,0x0000000739f00000)

Card table byte_map: [0x00007f355fbf9000,0x00007f3560235000] byte_map_base: 0x00007f355c234000

Polling page: 0x00007f3567407000

Code Cache  [0x00007f35602f5000, 0x00007f3560565000, 0x00007f35632f5000)
 total_blobs=436 nmethods=250 adapters=148 free_code_cache=48082Kb largest_free_block=49185728

Compilation events (10 events):
Event: 781,716 Thread 0x0000000000853800  256             java.lang.Long::stringSize (38 bytes)
Event: 781,716 Thread 0x0000000000855800  257             java.lang.Long::getChars (221 bytes)
Event: 781,719 Thread 0x0000000000853800 nmethod 256 0x00007f3560359ed0 code [0x00007f356035a000, 0x00007f356035a178]
Event: 781,738 Thread 0x0000000000855800 nmethod 257 0x00007f35603af050 code [0x00007f35603af1e0, 0x00007f35603af958]
Event: 781,909 Thread 0x0000000000853800  258             java.lang.Integer::parseInt (261 bytes)
Event: 781,913 Thread 0x0000000000855800  259             java.lang.CharacterDataLatin1::digit (91 bytes)
Event: 781,914 Thread 0x0000000000855800 nmethod 259 0x00007f35603f5f50 code [0x00007f35603f6080, 0x00007f35603f6178]
Event: 781,926 Thread 0x0000000000853800 nmethod 258 0x00007f35603ae290 code [0x00007f35603ae420, 0x00007f35603aeb38]
Event: 850,660 Thread 0x0000000000855800  260             java.util.regex.Pattern$Curly::match (86 bytes)
Event: 850,760 Thread 0x0000000000855800 nmethod 260 0x00007f35603f58d0 code [0x00007f35603f5a60, 0x00007f35603f5cf0]

GC Heap History (10 events):
Event: 862,388 GC heap before
{Heap before GC invocations=3278 (full 36):
 PSYoungGen      total 560640K, used 519243K [0x00000007c1000000, 0x00000007e6400000, 0x0000000800000000)
  eden space 519168K, 100% used [0x00000007c1000000,0x00000007e0b00000,0x00000007e0b00000)
  from space 41472K, 0% used [0x00000007e3b80000,0x00000007e3b92c98,0x00000007e6400000)
  to   space 45568K, 0% used [0x00000007e0b00000,0x00000007e0b00000,0x00000007e3780000)
 ParOldGen       total 532480K, used 52631K [0x0000000743000000, 0x0000000763800000, 0x00000007c1000000)
  object space 532480K, 9% used [0x0000000743000000,0x0000000746365f80,0x0000000763800000)
 PSPermGen       total 21504K, used 3627K [0x0000000738a00000, 0x0000000739f00000, 0x0000000743000000)
  object space 21504K, 16% used [0x0000000738a00000,0x0000000738d8ac70,0x0000000739f00000)
Event: 862,390 GC heap after
Heap after GC invocations=3278 (full 36):
 PSYoungGen      total 564736K, used 75K [0x00000007c1000000, 0x00000007e6280000, 0x0000000800000000)
  eden space 519168K, 0% used [0x00000007c1000000,0x00000007c1000000,0x00000007e0b00000)
  from space 45568K, 0% used [0x00000007e0b00000,0x00000007e0b12f80,0x00000007e3780000)
  to   space 41984K, 0% used [0x00000007e3980000,0x00000007e3980000,0x00000007e6280000)
 ParOldGen       total 532480K, used 52631K [0x0000000743000000, 0x0000000763800000, 0x00000007c1000000)
  object space 532480K, 9% used [0x0000000743000000,0x0000000746365f80,0x0000000763800000)
 PSPermGen       total 21504K, used 3627K [0x0000000738a00000, 0x0000000739f00000, 0x0000000743000000)
  object space 21504K, 16% used [0x0000000738a00000,0x0000000738d8ac70,0x0000000739f00000)
}
Event: 862,734 GC heap before
{Heap before GC invocations=3279 (full 36):
 PSYoungGen      total 564736K, used 519243K [0x00000007c1000000, 0x00000007e6280000, 0x0000000800000000)
  eden space 519168K, 100% used [0x00000007c1000000,0x00000007e0b00000,0x00000007e0b00000)
  from space 45568K, 0% used [0x00000007e0b00000,0x00000007e0b12f80,0x00000007e3780000)
  to   space 41984K, 0% used [0x00000007e3980000,0x00000007e3980000,0x00000007e6280000)
 ParOldGen       total 532480K, used 52631K [0x0000000743000000, 0x0000000763800000, 0x00000007c1000000)
  object space 532480K, 9% used [0x0000000743000000,0x0000000746365f80,0x0000000763800000)
 PSPermGen       total 21504K, used 3627K [0x0000000738a00000, 0x0000000739f00000, 0x0000000743000000)
  object space 21504K, 16% used [0x0000000738a00000,0x0000000738d8ac70,0x0000000739f00000)
Event: 862,735 GC heap after
Heap after GC invocations=3279 (full 36):
 PSYoungGen      total 560640K, used 64K [0x00000007c1000000, 0x00000007e5c80000, 0x0000000800000000)
  eden space 524800K, 0% used [0x00000007c1000000,0x00000007c1000000,0x00000007e1080000)
  from space 35840K, 0% used [0x00000007e3980000,0x00000007e3990000,0x00000007e5c80000)
  to   space 38912K, 0% used [0x00000007e1080000,0x00000007e1080000,0x00000007e3680000)
 ParOldGen       total 532480K, used 52631K [0x0000000743000000, 0x0000000763800000, 0x00000007c1000000)
  object space 532480K, 9% used [0x0000000743000000,0x0000000746365f80,0x0000000763800000)
 PSPermGen       total 21504K, used 3627K [0x0000000738a00000, 0x0000000739f00000, 0x0000000743000000)
  object space 21504K, 16% used [0x0000000738a00000,0x0000000738d8ac70,0x0000000739f00000)
}
Event: 863,081 GC heap before
{Heap before GC invocations=3280 (full 36):
 PSYoungGen      total 560640K, used 524864K [0x00000007c1000000, 0x00000007e5c80000, 0x0000000800000000)
  eden space 524800K, 100% used [0x00000007c1000000,0x00000007e1080000,0x00000007e1080000)
  from space 35840K, 0% used [0x00000007e3980000,0x00000007e3990000,0x00000007e5c80000)
  to   space 38912K, 0% used [0x00000007e1080000,0x00000007e1080000,0x00000007e3680000)
 ParOldGen       total 532480K, used 52631K [0x0000000743000000, 0x0000000763800000, 0x00000007c1000000)
  object space 532480K, 9% used [0x0000000743000000,0x0000000746365f80,0x0000000763800000)
 PSPermGen       total 21504K, used 3627K [0x0000000738a00000, 0x0000000739f00000, 0x0000000743000000)
  object space 21504K, 16% used [0x0000000738a00000,0x0000000738d8ac70,0x0000000739f00000)
Event: 863,083 GC heap after
Heap after GC invocations=3280 (full 36):
 PSYoungGen      total 563712K, used 64K [0x00000007c1000000, 0x00000007e5c00000, 0x0000000800000000)
  eden space 524800K, 0% used [0x00000007c1000000,0x00000007c1000000,0x00000007e1080000)
  from space 38912K, 0% used [0x00000007e1080000,0x00000007e1090000,0x00000007e3680000)
  to   space 35840K, 0% used [0x00000007e3900000,0x00000007e3900000,0x00000007e5c00000)
 ParOldGen       total 532480K, used 52631K [0x0000000743000000, 0x0000000763800000, 0x00000007c1000000)
  object space 532480K, 9% used [0x0000000743000000,0x0000000746365f80,0x0000000763800000)
 PSPermGen       total 21504K, used 3627K [0x0000000738a00000, 0x0000000739f00000, 0x0000000743000000)
  object space 21504K, 16% used [0x0000000738a00000,0x0000000738d8ac70,0x0000000739f00000)
}
Event: 863,433 GC heap before
{Heap before GC invocations=3281 (full 36):
 PSYoungGen      total 563712K, used 524864K [0x00000007c1000000, 0x00000007e5c00000, 0x0000000800000000)
  eden space 524800K, 100% used [0x00000007c1000000,0x00000007e1080000,0x00000007e1080000)
  from space 38912K, 0% used [0x00000007e1080000,0x00000007e1090000,0x00000007e3680000)
  to   space 35840K, 0% used [0x00000007e3900000,0x00000007e3900000,0x00000007e5c00000)
 ParOldGen       total 532480K, used 52631K [0x0000000743000000, 0x0000000763800000, 0x00000007c1000000)
  object space 532480K, 9% used [0x0000000743000000,0x0000000746365f80,0x0000000763800000)
 PSPermGen       total 21504K, used 3627K [0x0000000738a00000, 0x0000000739f00000, 0x0000000743000000)
  object space 21504K, 16% used [0x0000000738a00000,0x0000000738d8ac70,0x0000000739f00000)
Event: 863,435 GC heap after
Heap after GC invocations=3281 (full 36):
 PSYoungGen      total 562176K, used 32K [0x00000007c1000000, 0x00000007e5700000, 0x0000000800000000)
  eden space 531456K, 0% used [0x00000007c1000000,0x00000007c1000000,0x00000007e1700000)
  from space 30720K, 0% used [0x00000007e3900000,0x00000007e3908000,0x00000007e5700000)
  to   space 32768K, 0% used [0x00000007e1700000,0x00000007e1700000,0x00000007e3700000)
 ParOldGen       total 532480K, used 52631K [0x0000000743000000, 0x0000000763800000, 0x00000007c1000000)
  object space 532480K, 9% used [0x0000000743000000,0x0000000746365f80,0x0000000763800000)
 PSPermGen       total 21504K, used 3627K [0x0000000738a00000, 0x0000000739f00000, 0x0000000743000000)
  object space 21504K, 16% used [0x0000000738a00000,0x0000000738d8ac70,0x0000000739f00000)
}
Event: 863,785 GC heap before
{Heap before GC invocations=3282 (full 36):
 PSYoungGen      total 562176K, used 531488K [0x00000007c1000000, 0x00000007e5700000, 0x0000000800000000)
  eden space 531456K, 100% used [0x00000007c1000000,0x00000007e1700000,0x00000007e1700000)
  from space 30720K, 0% used [0x00000007e3900000,0x00000007e3908000,0x00000007e5700000)
  to   space 32768K, 0% used [0x00000007e1700000,0x00000007e1700000,0x00000007e3700000)
 ParOldGen       total 532480K, used 52631K [0x0000000743000000, 0x0000000763800000, 0x00000007c1000000)
  object space 532480K, 9% used [0x0000000743000000,0x0000000746365f80,0x0000000763800000)
 PSPermGen       total 21504K, used 3627K [0x0000000738a00000, 0x0000000739f00000, 0x0000000743000000)
  object space 21504K, 16% used [0x0000000738a00000,0x0000000738d8ac70,0x0000000739f00000)
Event: 863,787 GC heap after
Heap after GC invocations=3282 (full 36):
 PSYoungGen      total 564224K, used 32K [0x00000007c1000000, 0x00000007e5880000, 0x0000000800000000)
  eden space 531456K, 0% used [0x00000007c1000000,0x00000007c1000000,0x00000007e1700000)
  from space 32768K, 0% used [0x00000007e1700000,0x00000007e1708000,0x00000007e3700000)
  to   space 30208K, 0% used [0x00000007e3b00000,0x00000007e3b00000,0x00000007e5880000)
 ParOldGen       total 532480K, used 52631K [0x0000000743000000, 0x0000000763800000, 0x00000007c1000000)
  object space 532480K, 9% used [0x0000000743000000,0x0000000746365f80,0x0000000763800000)
 PSPermGen       total 21504K, used 3627K [0x0000000738a00000, 0x0000000739f00000, 0x0000000743000000)
  object space 21504K, 16% used [0x0000000738a00000,0x0000000738d8ac70,0x0000000739f00000)
}

Deoptimization events (10 events):
Event: 10,769 Thread 0x000000000079a800 Uncommon trap: reason=bimorphic action=maybe_recompile pc=0x00007f3560374724 method=java.util.Hashtable.get(Ljava/lang/Object;)Ljava/lang/Object; @ 46
Event: 704,383 Thread 0x000000000079a800 Uncommon trap: reason=array_check action=maybe_recompile pc=0x00007f35603f3e9c method=java.util.AbstractCollection.toArray([Ljava/lang/Object;)[Ljava/lang/Object; @ 119
Event: 704,453 Thread 0x000000000079a800 Uncommon trap: reason=array_check action=maybe_recompile pc=0x00007f35603f3e9c method=java.util.AbstractCollection.toArray([Ljava/lang/Object;)[Ljava/lang/Object; @ 119
Event: 704,594 Thread 0x000000000079a800 Uncommon trap: reason=array_check action=maybe_recompile pc=0x00007f35603f3e9c method=java.util.AbstractCollection.toArray([Ljava/lang/Object;)[Ljava/lang/Object; @ 119
Event: 704,694 Thread 0x000000000079a800 Uncommon trap: reason=array_check action=maybe_recompile pc=0x00007f35603f3e9c method=java.util.AbstractCollection.toArray([Ljava/lang/Object;)[Ljava/lang/Object; @ 119
Event: 774,382 Thread 0x000000000079a800 Uncommon trap: reason=predicate action=maybe_recompile pc=0x00007f356035fa1c method=java.util.Arrays.fill([Ljava/lang/Object;Ljava/lang/Object;)V @ 10
Event: 774,641 Thread 0x000000000079a800 Uncommon trap: reason=array_check action=maybe_recompile pc=0x00007f356035f248 method=java.util.Arrays.fill([Ljava/lang/Object;Ljava/lang/Object;)V @ 13
Event: 774,641 Thread 0x000000000079a800 Uncommon trap: reason=array_check action=maybe_recompile pc=0x00007f356035f248 method=java.util.Arrays.fill([Ljava/lang/Object;Ljava/lang/Object;)V @ 13
Event: 774,642 Thread 0x000000000079a800 Uncommon trap: reason=array_check action=maybe_recompile pc=0x00007f356035f248 method=java.util.Arrays.fill([Ljava/lang/Object;Ljava/lang/Object;)V @ 13
Event: 774,642 Thread 0x000000000079a800 Uncommon trap: reason=array_check action=maybe_recompile pc=0x00007f356035f248 method=java.util.Arrays.fill([Ljava/lang/Object;Ljava/lang/Object;)V @ 13

Internal exceptions (10 events):
Event: 2,406 Thread 0x000000000079a800 Threw 0x00000007c32ed758 at /tmp/buildd/openjdk-7-7u65-2.5.1/build/openjdk/hotspot/src/share/vm/prims/jvm.cpp:1247
Event: 2,417 Thread 0x000000000079a800 Threw 0x00000007c32f0d80 at /tmp/buildd/openjdk-7-7u65-2.5.1/build/openjdk/hotspot/src/share/vm/prims/jvm.cpp:1247
Event: 2,999 Thread 0x000000000079a800 Threw 0x00000007c909da80 at /tmp/buildd/openjdk-7-7u65-2.5.1/build/openjdk/hotspot/src/share/vm/prims/jvm.cpp:1247
Event: 9,022 Thread 0x000000000079a800 Threw 0x00000007c87f0a90 at /tmp/buildd/openjdk-7-7u65-2.5.1/build/openjdk/hotspot/src/share/vm/prims/jvm.cpp:1247
Event: 9,026 Thread 0x000000000079a800 Threw 0x00000007c87f5e70 at /tmp/buildd/openjdk-7-7u65-2.5.1/build/openjdk/hotspot/src/share/vm/prims/jvm.cpp:1247
Event: 9,027 Thread 0x000000000079a800 Threw 0x00000007c87f8150 at /tmp/buildd/openjdk-7-7u65-2.5.1/build/openjdk/hotspot/src/share/vm/prims/jvm.cpp:1247
Event: 9,031 Thread 0x000000000079a800 Threw 0x00000007c87fe548 at /tmp/buildd/openjdk-7-7u65-2.5.1/build/openjdk/hotspot/src/share/vm/prims/jvm.cpp:1247
Event: 9,034 Thread 0x000000000079a800 Threw 0x00000007c8803458 at /tmp/buildd/openjdk-7-7u65-2.5.1/build/openjdk/hotspot/src/share/vm/prims/jvm.cpp:1247
Event: 9,035 Thread 0x000000000079a800 Threw 0x00000007c88075e8 at /tmp/buildd/openjdk-7-7u65-2.5.1/build/openjdk/hotspot/src/share/vm/prims/jvm.cpp:1247
Event: 10,745 Thread 0x000000000079a800 Implicit null exception at 0x00007f3560372736 to 0x00007f3560372b99

Events (10 events):
Event: 862,734 Executing VM operation: ParallelGCFailedAllocation
Event: 862,735 Executing VM operation: ParallelGCFailedAllocation done
Event: 863,081 Executing VM operation: ParallelGCFailedAllocation
Event: 863,083 Executing VM operation: ParallelGCFailedAllocation done
Event: 863,432 Executing VM operation: ParallelGCFailedAllocation
Event: 863,435 Executing VM operation: ParallelGCFailedAllocation done
Event: 863,590 Thread 0x0000000000844800 Thread exited: 0x0000000000844800
Event: 863,785 Executing VM operation: ParallelGCFailedAllocation
Event: 863,787 Executing VM operation: ParallelGCFailedAllocation done
Event: 864,134 Executing VM operation: ParallelGCFailedAllocation


Dynamic libraries:
00400000-00401000 r-xp 00000000 08:05 1705927                            /usr/lib/jvm/java-7-openjdk-amd64/jre/bin/java
00600000-00601000 r--p 00000000 08:05 1705927                            /usr/lib/jvm/java-7-openjdk-amd64/jre/bin/java
00601000-00602000 rw-p 00001000 08:05 1705927                            /usr/lib/jvm/java-7-openjdk-amd64/jre/bin/java
00780000-010e6000 rw-p 00000000 00:00 0                                  [heap]
738a00000-739f00000 rw-p 00000000 00:00 0 
739f00000-743000000 rw-p 00000000 00:00 0 
743000000-763800000 rw-p 00000000 00:00 0 
763800000-77a500000 ---p 00000000 00:00 0 
77a500000-7c1000000 rw-p 00000000 00:00 0 
7c1000000-7e5880000 rw-p 00000000 00:00 0 
7e5880000-800000000 ---p 00000000 00:00 0 
7f354c000000-7f354c65e000 rw-p 00000000 00:00 0 
7f354c65e000-7f3550000000 ---p 00000000 00:00 0 
7f3552574000-7f35526e3000 rw-p 00000000 00:00 0 
7f35526e3000-7f35529e4000 rw-p 00000000 00:00 0 
7f3552a97000-7f3552aba000 r--s 00000000 08:05 930740                     /usr/local/lib/swipl-6.6.6/boot64.prc
7f3552aba000-7f3552adf000 r-xp 00000000 08:05 5111860                    /lib/x86_64-linux-gnu/libtinfo.so.5.9
7f3552adf000-7f3552cde000 ---p 00025000 08:05 5111860                    /lib/x86_64-linux-gnu/libtinfo.so.5.9
7f3552cde000-7f3552ce2000 r--p 00024000 08:05 5111860                    /lib/x86_64-linux-gnu/libtinfo.so.5.9
7f3552ce2000-7f3552ce3000 rw-p 00028000 08:05 5111860                    /lib/x86_64-linux-gnu/libtinfo.so.5.9
7f3552ce3000-7f3552d04000 r-xp 00000000 08:05 5111856                    /lib/x86_64-linux-gnu/libncurses.so.5.9
7f3552d04000-7f3552f03000 ---p 00021000 08:05 5111856                    /lib/x86_64-linux-gnu/libncurses.so.5.9
7f3552f03000-7f3552f04000 r--p 00020000 08:05 5111856                    /lib/x86_64-linux-gnu/libncurses.so.5.9
7f3552f04000-7f3552f05000 rw-p 00021000 08:05 5111856                    /lib/x86_64-linux-gnu/libncurses.so.5.9
7f3552f05000-7f3552f42000 r-xp 00000000 08:05 5112133                    /lib/x86_64-linux-gnu/libreadline.so.6.2
7f3552f42000-7f3553142000 ---p 0003d000 08:05 5112133                    /lib/x86_64-linux-gnu/libreadline.so.6.2
7f3553142000-7f3553144000 r--p 0003d000 08:05 5112133                    /lib/x86_64-linux-gnu/libreadline.so.6.2
7f3553144000-7f355314a000 rw-p 0003f000 08:05 5112133                    /lib/x86_64-linux-gnu/libreadline.so.6.2
7f355314a000-7f355314c000 rw-p 00000000 00:00 0 
7f355314c000-7f35531b3000 r-xp 00000000 08:05 9056684                    /usr/lib/x86_64-linux-gnu/libgmp.so.10.0.5
7f35531b3000-7f35533b3000 ---p 00067000 08:05 9056684                    /usr/lib/x86_64-linux-gnu/libgmp.so.10.0.5
7f35533b3000-7f35533bb000 rw-p 00067000 08:05 9056684                    /usr/lib/x86_64-linux-gnu/libgmp.so.10.0.5
7f35533d3000-7f35534df000 r-xp 00000000 08:05 7612964                    /home/jose/swi-prolog/lib/swipl-6.6.6/lib/x86_64-linux/libswipl.so.6.6.6
7f35534df000-7f35536de000 ---p 0010c000 08:05 7612964                    /home/jose/swi-prolog/lib/swipl-6.6.6/lib/x86_64-linux/libswipl.so.6.6.6
7f35536de000-7f35536f3000 rw-p 0010b000 08:05 7612964                    /home/jose/swi-prolog/lib/swipl-6.6.6/lib/x86_64-linux/libswipl.so.6.6.6
7f35536f3000-7f35536f7000 rw-p 00000000 00:00 0 
7f35536f7000-7f35536f9000 r-xp 00000000 08:05 1835304                    /usr/lib/jvm/java-7-openjdk-amd64/jre/lib/amd64/libjsig.so
7f35536f9000-7f35538f8000 ---p 00002000 08:05 1835304                    /usr/lib/jvm/java-7-openjdk-amd64/jre/lib/amd64/libjsig.so
7f35538f8000-7f35538f9000 r--p 00001000 08:05 1835304                    /usr/lib/jvm/java-7-openjdk-amd64/jre/lib/amd64/libjsig.so
7f35538f9000-7f35538fa000 rw-p 00002000 08:05 1835304                    /usr/lib/jvm/java-7-openjdk-amd64/jre/lib/amd64/libjsig.so
7f35538fa000-7f35538fb000 rw-p 00000000 00:00 0 
7f35538fb000-7f355390f000 r-xp 00000000 08:05 7612999                    /home/jose/swi-prolog/lib/swipl-6.6.6/lib/x86_64-linux/libjpl.so
7f355390f000-7f3553b0f000 ---p 00014000 08:05 7612999                    /home/jose/swi-prolog/lib/swipl-6.6.6/lib/x86_64-linux/libjpl.so
7f3553b0f000-7f3553b10000 rw-p 00014000 08:05 7612999                    /home/jose/swi-prolog/lib/swipl-6.6.6/lib/x86_64-linux/libjpl.so
7f3553b10000-7f3553b52000 r--s 0032b000 08:05 7352235                    /home/jose/NetBeansProjects/BioPatternSG/BioPatternsgPipeline/lib/biojava_1.jar
7f3553b52000-7f3553b59000 r--s 00561000 08:05 7360890                    /home/jose/NetBeansProjects/BioPatternSG/BioPatternsgPipeline/lib/biojava3-core-3.0.3.jar
7f3553b59000-7f3553b9b000 r--s 0032b000 08:05 7352246                    /home/jose/NetBeansProjects/BioPatternSG/BioPatternsgPipeline/lib/biojava.jar
7f3553b9b000-7f3553b9c000 ---p 00000000 00:00 0 
7f3553b9c000-7f3553c9c000 rw-p 00000000 00:00 0 
7f3553c9c000-7f3553c9f000 ---p 00000000 00:00 0 
7f3553c9f000-7f3554572000 rw-p 00000000 00:00 0 
7f3554572000-7f3554575000 ---p 00000000 00:00 0 
7f3554575000-7f3554673000 rw-p 00000000 00:00 0 
7f3554673000-7f3554676000 ---p 00000000 00:00 0 
7f3554676000-7f3554774000 rw-p 00000000 00:00 0 
7f3554774000-7f3554777000 ---p 00000000 00:00 0 
7f3554777000-7f355504a000 rw-p 00000000 00:00 0 
7f355504a000-7f355504d000 ---p 00000000 00:00 0 
7f355504d000-7f3555920000 rw-p 00000000 00:00 0 
7f3555920000-7f3555923000 ---p 00000000 00:00 0 
7f3555923000-7f35561f6000 rw-p 00000000 00:00 0 
7f35561f6000-7f35561fa000 r-xp 00000000 08:05 1835278                    /usr/lib/jvm/java-7-openjdk-amd64/jre/lib/amd64/libdt_socket.so
7f35561fa000-7f35563f9000 ---p 00004000 08:05 1835278                    /usr/lib/jvm/java-7-openjdk-amd64/jre/lib/amd64/libdt_socket.so
7f35563f9000-7f35563fa000 r--p 00003000 08:05 1835278                    /usr/lib/jvm/java-7-openjdk-amd64/jre/lib/amd64/libdt_socket.so
7f35563fa000-7f35563fb000 rw-p 00004000 08:05 1835278                    /usr/lib/jvm/java-7-openjdk-amd64/jre/lib/amd64/libdt_socket.so
7f35563fb000-7f35563fe000 ---p 00000000 00:00 0 
7f35563fe000-7f3556cd1000 rw-p 00000000 00:00 0 
7f3556cd1000-7f3556cd4000 ---p 00000000 00:00 0 
7f3556cd4000-7f35575a7000 rw-p 00000000 00:00 0 
7f35575a7000-7f35575aa000 ---p 00000000 00:00 0 
7f35575aa000-7f3557e7d000 rw-p 00000000 00:00 0 
7f3557e7d000-7f3557e7e000 ---p 00000000 00:00 0 
7f3557e7e000-7f3558933000 rw-p 00000000 00:00 0 
7f3558933000-7f3558ae4000 r--s 01d21000 08:05 1705899                    /usr/lib/jvm/java-7-openjdk-amd64/jre/lib/rt.jar
7f3558ae4000-7f355f607000 rw-p 00000000 00:00 0 
7f355f607000-7f355f608000 ---p 00000000 00:00 0 
7f355f608000-7f355f708000 rw-p 00000000 00:00 0 
7f355f708000-7f355f709000 ---p 00000000 00:00 0 
7f355f709000-7f355f90d000 rw-p 00000000 00:00 0 
7f355f90d000-7f355f9c4000 ---p 00000000 00:00 0 
7f355f9c4000-7f355fbf9000 rw-p 00000000 00:00 0 
7f355fbf9000-7f355fc04000 rw-p 00000000 00:00 0 
7f355fc04000-7f355fc4c000 rw-p 00000000 00:00 0 
7f355fc4c000-7f355fd50000 rw-p 00000000 00:00 0 
7f355fd50000-7f355fe07000 ---p 00000000 00:00 0 
7f355fe07000-7f356003c000 rw-p 00000000 00:00 0 
7f356003c000-7f3560161000 rw-p 00000000 00:00 0 
7f3560161000-7f3560234000 ---p 00000000 00:00 0 
7f3560234000-7f356023f000 rw-p 00000000 00:00 0 
7f356023f000-7f35602f5000 rw-p 00000000 00:00 0 
7f35602f5000-7f3560565000 rwxp 00000000 00:00 0 
7f3560565000-7f35632f5000 rw-p 00000000 00:00 0 
7f35632f5000-7f35632fd000 r-xp 00000000 08:05 1835353                    /usr/lib/jvm/java-7-openjdk-amd64/jre/lib/amd64/libzip.so
7f35632fd000-7f35634fc000 ---p 00008000 08:05 1835353                    /usr/lib/jvm/java-7-openjdk-amd64/jre/lib/amd64/libzip.so
7f35634fc000-7f35634fd000 r--p 00007000 08:05 1835353                    /usr/lib/jvm/java-7-openjdk-amd64/jre/lib/amd64/libzip.so
7f35634fd000-7f35634fe000 rw-p 00008000 08:05 1835353                    /usr/lib/jvm/java-7-openjdk-amd64/jre/lib/amd64/libzip.so
7f35634fe000-7f3563509000 r-xp 00000000 08:05 5117066                    /lib/x86_64-linux-gnu/libnss_files-2.13.so
7f3563509000-7f3563708000 ---p 0000b000 08:05 5117066                    /lib/x86_64-linux-gnu/libnss_files-2.13.so
7f3563708000-7f3563709000 r--p 0000a000 08:05 5117066                    /lib/x86_64-linux-gnu/libnss_files-2.13.so
7f3563709000-7f356370a000 rw-p 0000b000 08:05 5117066                    /lib/x86_64-linux-gnu/libnss_files-2.13.so
7f356370a000-7f3563714000 r-xp 00000000 08:05 5117068                    /lib/x86_64-linux-gnu/libnss_nis-2.13.so
7f3563714000-7f3563913000 ---p 0000a000 08:05 5117068                    /lib/x86_64-linux-gnu/libnss_nis-2.13.so
7f3563913000-7f3563914000 r--p 00009000 08:05 5117068                    /lib/x86_64-linux-gnu/libnss_nis-2.13.so
7f3563914000-7f3563915000 rw-p 0000a000 08:05 5117068                    /lib/x86_64-linux-gnu/libnss_nis-2.13.so
7f3563915000-7f356392a000 r-xp 00000000 08:05 5117063                    /lib/x86_64-linux-gnu/libnsl-2.13.so
7f356392a000-7f3563b29000 ---p 00015000 08:05 5117063                    /lib/x86_64-linux-gnu/libnsl-2.13.so
7f3563b29000-7f3563b2a000 r--p 00014000 08:05 5117063                    /lib/x86_64-linux-gnu/libnsl-2.13.so
7f3563b2a000-7f3563b2b000 rw-p 00015000 08:05 5117063                    /lib/x86_64-linux-gnu/libnsl-2.13.so
7f3563b2b000-7f3563b2d000 rw-p 00000000 00:00 0 
7f3563b2d000-7f3563b34000 r-xp 00000000 08:05 5117064                    /lib/x86_64-linux-gnu/libnss_compat-2.13.so
7f3563b34000-7f3563d33000 ---p 00007000 08:05 5117064                    /lib/x86_64-linux-gnu/libnss_compat-2.13.so
7f3563d33000-7f3563d34000 r--p 00006000 08:05 5117064                    /lib/x86_64-linux-gnu/libnss_compat-2.13.so
7f3563d34000-7f3563d35000 rw-p 00007000 08:05 5117064                    /lib/x86_64-linux-gnu/libnss_compat-2.13.so
7f3563d35000-7f3563d38000 r-xp 00000000 08:05 1835346                    /usr/lib/jvm/java-7-openjdk-amd64/jre/lib/amd64/libnpt.so
7f3563d38000-7f3563f37000 ---p 00003000 08:05 1835346                    /usr/lib/jvm/java-7-openjdk-amd64/jre/lib/amd64/libnpt.so
7f3563f37000-7f3563f38000 r--p 00002000 08:05 1835346                    /usr/lib/jvm/java-7-openjdk-amd64/jre/lib/amd64/libnpt.so
7f3563f38000-7f3563f39000 rw-p 00003000 08:05 1835346                    /usr/lib/jvm/java-7-openjdk-amd64/jre/lib/amd64/libnpt.so
7f3563f39000-7f3563f73000 r-xp 00000000 08:05 1835292                    /usr/lib/jvm/java-7-openjdk-amd64/jre/lib/amd64/libjdwp.so
7f3563f73000-7f3564172000 ---p 0003a000 08:05 1835292                    /usr/lib/jvm/java-7-openjdk-amd64/jre/lib/amd64/libjdwp.so
7f3564172000-7f3564173000 r--p 00039000 08:05 1835292                    /usr/lib/jvm/java-7-openjdk-amd64/jre/lib/amd64/libjdwp.so
7f3564173000-7f3564174000 rw-p 0003a000 08:05 1835292                    /usr/lib/jvm/java-7-openjdk-amd64/jre/lib/amd64/libjdwp.so
7f3564174000-7f356419f000 r-xp 00000000 08:05 1835287                    /usr/lib/jvm/java-7-openjdk-amd64/jre/lib/amd64/libjava.so
7f356419f000-7f356439e000 ---p 0002b000 08:05 1835287                    /usr/lib/jvm/java-7-openjdk-amd64/jre/lib/amd64/libjava.so
7f356439e000-7f356439f000 r--p 0002a000 08:05 1835287                    /usr/lib/jvm/java-7-openjdk-amd64/jre/lib/amd64/libjava.so
7f356439f000-7f35643a1000 rw-p 0002b000 08:05 1835287                    /usr/lib/jvm/java-7-openjdk-amd64/jre/lib/amd64/libjava.so
7f35643a1000-7f35643b0000 r-xp 00000000 08:05 1835352                    /usr/lib/jvm/java-7-openjdk-amd64/jre/lib/amd64/libverify.so
7f35643b0000-7f35645af000 ---p 0000f000 08:05 1835352                    /usr/lib/jvm/java-7-openjdk-amd64/jre/lib/amd64/libverify.so
7f35645af000-7f35645b1000 r--p 0000e000 08:05 1835352                    /usr/lib/jvm/java-7-openjdk-amd64/jre/lib/amd64/libverify.so
7f35645b1000-7f35645b2000 rw-p 00010000 08:05 1835352                    /usr/lib/jvm/java-7-openjdk-amd64/jre/lib/amd64/libverify.so
7f35645b2000-7f35645b9000 r-xp 00000000 08:05 5117072                    /lib/x86_64-linux-gnu/librt-2.13.so
7f35645b9000-7f35647b8000 ---p 00007000 08:05 5117072                    /lib/x86_64-linux-gnu/librt-2.13.so
7f35647b8000-7f35647b9000 r--p 00006000 08:05 5117072                    /lib/x86_64-linux-gnu/librt-2.13.so
7f35647b9000-7f35647ba000 rw-p 00007000 08:05 5117072                    /lib/x86_64-linux-gnu/librt-2.13.so
7f35647ba000-7f35647bd000 ---p 00000000 00:00 0 
7f35647bd000-7f3565090000 rw-p 00000000 00:00 0 
7f3565090000-7f35650a5000 r-xp 00000000 08:05 5111850                    /lib/x86_64-linux-gnu/libgcc_s.so.1
7f35650a5000-7f35652a5000 ---p 00015000 08:05 5111850                    /lib/x86_64-linux-gnu/libgcc_s.so.1
7f35652a5000-7f35652a6000 rw-p 00015000 08:05 5111850                    /lib/x86_64-linux-gnu/libgcc_s.so.1
7f35652a6000-7f3565327000 r-xp 00000000 08:05 5117061                    /lib/x86_64-linux-gnu/libm-2.13.so
7f3565327000-7f3565526000 ---p 00081000 08:05 5117061                    /lib/x86_64-linux-gnu/libm-2.13.so
7f3565526000-7f3565527000 r--p 00080000 08:05 5117061                    /lib/x86_64-linux-gnu/libm-2.13.so
7f3565527000-7f3565528000 rw-p 00081000 08:05 5117061                    /lib/x86_64-linux-gnu/libm-2.13.so
7f3565528000-7f3565610000 r-xp 00000000 08:05 9048410                    /usr/lib/x86_64-linux-gnu/libstdc++.so.6.0.17
7f3565610000-7f3565810000 ---p 000e8000 08:05 9048410                    /usr/lib/x86_64-linux-gnu/libstdc++.so.6.0.17
7f3565810000-7f3565818000 r--p 000e8000 08:05 9048410                    /usr/lib/x86_64-linux-gnu/libstdc++.so.6.0.17
7f3565818000-7f356581a000 rw-p 000f0000 08:05 9048410                    /usr/lib/x86_64-linux-gnu/libstdc++.so.6.0.17
7f356581a000-7f356582f000 rw-p 00000000 00:00 0 
7f356582f000-7f3566329000 r-xp 00000000 08:05 1835354                    /usr/lib/jvm/java-7-openjdk-amd64/jre/lib/amd64/server/libjvm.so
7f3566329000-7f3566529000 ---p 00afa000 08:05 1835354                    /usr/lib/jvm/java-7-openjdk-amd64/jre/lib/amd64/server/libjvm.so
7f3566529000-7f35665ca000 r--p 00afa000 08:05 1835354                    /usr/lib/jvm/java-7-openjdk-amd64/jre/lib/amd64/server/libjvm.so
7f35665ca000-7f35665ed000 rw-p 00b9b000 08:05 1835354                    /usr/lib/jvm/java-7-openjdk-amd64/jre/lib/amd64/server/libjvm.so
7f35665ed000-7f356661a000 rw-p 00000000 00:00 0 
7f356661a000-7f3566630000 r-xp 00000000 08:05 5111947                    /lib/x86_64-linux-gnu/libz.so.1.2.7
7f3566630000-7f356682f000 ---p 00016000 08:05 5111947                    /lib/x86_64-linux-gnu/libz.so.1.2.7
7f356682f000-7f3566830000 r--p 00015000 08:05 5111947                    /lib/x86_64-linux-gnu/libz.so.1.2.7
7f3566830000-7f3566831000 rw-p 00016000 08:05 5111947                    /lib/x86_64-linux-gnu/libz.so.1.2.7
7f3566831000-7f35669b3000 r-xp 00000000 08:05 5117057                    /lib/x86_64-linux-gnu/libc-2.13.so
7f35669b3000-7f3566bb3000 ---p 00182000 08:05 5117057                    /lib/x86_64-linux-gnu/libc-2.13.so
7f3566bb3000-7f3566bb7000 r--p 00182000 08:05 5117057                    /lib/x86_64-linux-gnu/libc-2.13.so
7f3566bb7000-7f3566bb8000 rw-p 00186000 08:05 5117057                    /lib/x86_64-linux-gnu/libc-2.13.so
7f3566bb8000-7f3566bbd000 rw-p 00000000 00:00 0 
7f3566bbd000-7f3566bbf000 r-xp 00000000 08:05 5117060                    /lib/x86_64-linux-gnu/libdl-2.13.so
7f3566bbf000-7f3566dbf000 ---p 00002000 08:05 5117060                    /lib/x86_64-linux-gnu/libdl-2.13.so
7f3566dbf000-7f3566dc0000 r--p 00002000 08:05 5117060                    /lib/x86_64-linux-gnu/libdl-2.13.so
7f3566dc0000-7f3566dc1000 rw-p 00003000 08:05 5117060                    /lib/x86_64-linux-gnu/libdl-2.13.so
7f3566dc1000-7f3566dce000 r-xp 00000000 08:05 1835272                    /usr/lib/jvm/java-7-openjdk-amd64/jre/lib/amd64/jli/libjli.so
7f3566dce000-7f3566fcd000 ---p 0000d000 08:05 1835272                    /usr/lib/jvm/java-7-openjdk-amd64/jre/lib/amd64/jli/libjli.so
7f3566fcd000-7f3566fce000 r--p 0000c000 08:05 1835272                    /usr/lib/jvm/java-7-openjdk-amd64/jre/lib/amd64/jli/libjli.so
7f3566fce000-7f3566fcf000 rw-p 0000d000 08:05 1835272                    /usr/lib/jvm/java-7-openjdk-amd64/jre/lib/amd64/jli/libjli.so
7f3566fcf000-7f3566fe6000 r-xp 00000000 08:05 5117053                    /lib/x86_64-linux-gnu/libpthread-2.13.so
7f3566fe6000-7f35671e5000 ---p 00017000 08:05 5117053                    /lib/x86_64-linux-gnu/libpthread-2.13.so
7f35671e5000-7f35671e6000 r--p 00016000 08:05 5117053                    /lib/x86_64-linux-gnu/libpthread-2.13.so
7f35671e6000-7f35671e7000 rw-p 00017000 08:05 5117053                    /lib/x86_64-linux-gnu/libpthread-2.13.so
7f35671e7000-7f35671eb000 rw-p 00000000 00:00 0 
7f35671eb000-7f356720b000 r-xp 00000000 08:05 5117054                    /lib/x86_64-linux-gnu/ld-2.13.so
7f3567210000-7f3567213000 r--s 00014000 08:05 7352239                    /home/jose/NetBeansProjects/BioPatternSG/BioPatternsgPipeline/lib/bytecode.jar
7f3567213000-7f3567215000 r--s 00006000 08:05 7474828                    /home/jose/swi-prolog/lib/swipl-6.6.6/lib/jpl.jar
7f3567215000-7f3567217000 r--s 00012000 08:05 1835269                    /usr/lib/jvm/java-7-openjdk-amd64/jre/lib/ext/zipfs.jar
7f3567217000-7f356721a000 r--s 0000f000 08:05 1835270                    /usr/lib/jvm/java-7-openjdk-amd64/jre/lib/ext/pulse-java.jar
7f356721a000-7f356721e000 r--s 00085000 08:05 1835267                    /usr/lib/jvm/java-7-openjdk-amd64/jre/lib/ext/localedata.jar
7f356721e000-7f3567221000 r--s 0003c000 08:05 1835265                    /usr/lib/jvm/java-7-openjdk-amd64/jre/lib/ext/sunpkcs11.jar
7f3567221000-7f356722c000 rw-p 00000000 00:00 0 
7f356722c000-7f3567274000 rw-p 00000000 00:00 0 
7f3567274000-7f35673eb000 r--p 00000000 08:05 9050251                    /usr/lib/locale/locale-archive
7f35673eb000-7f35673f1000 rw-p 00000000 00:00 0 
7f35673f1000-7f35673f2000 r--s 0001f000 08:05 7347445                    /home/jose/NetBeansProjects/GeneradorGTF/LibreriaGTF.jar
7f35673f2000-7f35673f3000 r--s 00002000 08:05 1835266                    /usr/lib/jvm/java-7-openjdk-amd64/jre/lib/ext/dnsns.jar
7f35673f3000-7f35673f4000 r--s 00007000 08:05 656404                     /usr/share/java/java-atk-wrapper.jar
7f35673f4000-7f35673f7000 r--s 00032000 08:05 1835268                    /usr/lib/jvm/java-7-openjdk-amd64/jre/lib/ext/sunjce_provider.jar
7f35673f7000-7f35673ff000 rw-s 00000000 08:05 6684788                    /tmp/hsperfdata_jose/9915
7f35673ff000-7f3567406000 r--s 00000000 08:05 9047138                    /usr/lib/x86_64-linux-gnu/gconv/gconv-modules.cache
7f3567406000-7f3567407000 rw-p 00000000 00:00 0 
7f3567407000-7f3567408000 ---p 00000000 00:00 0 
7f3567408000-7f356740a000 rw-p 00000000 00:00 0 
7f356740a000-7f356740b000 r--p 0001f000 08:05 5117054                    /lib/x86_64-linux-gnu/ld-2.13.so
7f356740b000-7f356740c000 rw-p 00020000 08:05 5117054                    /lib/x86_64-linux-gnu/ld-2.13.so
7f356740c000-7f356740d000 rw-p 00000000 00:00 0 
7fff51027000-7fff51048000 rw-p 00000000 00:00 0                          [stack]
7fff510ec000-7fff510ed000 r-xp 00000000 00:00 0                          [vdso]
ffffffffff600000-ffffffffff601000 r-xp 00000000 00:00 0                  [vsyscall]

VM Arguments:
jvm_args: -Xdebug -Xrunjdwp:transport=dt_socket,address=localhost:33150 -Dfile.encoding=UTF-8 -Xmx3024m -Djava.library.path=/home/jose/swi-prolog/lib/swipl-6.6.6/lib/x86_64-linux/ -Xss9048k 
java_command: util.PredictorILP 3 21 1 46709983 true
Launcher Type: SUN_STANDARD

Environment Variables:
CLASSPATH=/home/jose/NetBeansProjects/BioPatternSG/BioPatternsgPipeline/lib:/home/jose/NetBeansProjects/BioPatternSG/BioPatternsgPipeline/build/classes
PATH=/usr/local/bin:/usr/bin:/bin:/usr/local/games:/usr/games:/home/jose/Progol/source
USERNAME=jose
LD_LIBRARY_PATH=/usr/lib/jvm/java-7-openjdk-amd64/jre/lib/amd64:/usr/lib/jvm/java-7-openjdk-amd64/jre/lib/i386::/usr/lib/swi-prolog/lib/amd64
SHELL=/bin/bash
DISPLAY=:0

Signal Handlers:
SIGSEGV: [libjvm.so+0x928880], sa_mask[0]=0x7ffbfeff, sa_flags=0x10000004
SIGBUS: [libjvm.so+0x928880], sa_mask[0]=0x7ffbfeff, sa_flags=0x10000004
SIGFPE: [libjvm.so+0x7ae090], sa_mask[0]=0x7ffbfeff, sa_flags=0x10000004
SIGPIPE: [libjvm.so+0x7ae090], sa_mask[0]=0x7ffbfeff, sa_flags=0x10000004
SIGXFSZ: [libjvm.so+0x7ae090], sa_mask[0]=0x7ffbfeff, sa_flags=0x10000004
SIGILL: [libjvm.so+0x7ae090], sa_mask[0]=0x7ffbfeff, sa_flags=0x10000004
SIGUSR1: SIG_DFL, sa_mask[0]=0x00000000, sa_flags=0x00000000
SIGUSR2: [libjvm.so+0x7ae3d0], sa_mask[0]=0x00000004, sa_flags=0x10000004
SIGHUP: [libjvm.so+0x7ae540], sa_mask[0]=0x7ffbfeff, sa_flags=0x10000004
SIGINT: SIG_IGN, sa_mask[0]=0x00000000, sa_flags=0x00000000
SIGTERM: [libjvm.so+0x7ae540], sa_mask[0]=0x7ffbfeff, sa_flags=0x10000004
SIGQUIT: [libjvm.so+0x7ae540], sa_mask[0]=0x7ffbfeff, sa_flags=0x10000004
SIGTRAP: SIG_DFL, sa_mask[0]=0x00000000, sa_flags=0x00000000


---------------  S Y S T E M  ---------------

OS:7.7

uname:Linux 3.2.0-4-amd64 #1 SMP Debian 3.2.63-2+deb7u1 x86_64
libc:glibc 2.13 NPTL 2.13 
rlimit: STACK 8192k, CORE 0k, NPROC 24012, NOFILE 4096, AS infinity
load average:2,89 1,56 1,00

/proc/meminfo:
MemTotal:        3086016 kB
MemFree:          443152 kB
Buffers:            1720 kB
Cached:           215572 kB
SwapCached:        76956 kB
Active:          1863412 kB
Inactive:         663684 kB
Active(anon):    1850220 kB
Inactive(anon):   618908 kB
Active(file):      13192 kB
Inactive(file):    44776 kB
Unevictable:         128 kB
Mlocked:             128 kB
SwapTotal:       6269948 kB
SwapFree:        5888068 kB
Dirty:                80 kB
Writeback:             0 kB
AnonPages:       2241756 kB
Mapped:            98524 kB
Shmem:            159244 kB
Slab:              53652 kB
SReclaimable:      28868 kB
SUnreclaim:        24784 kB
KernelStack:        3024 kB
PageTables:        26424 kB
NFS_Unstable:          0 kB
Bounce:                0 kB
WritebackTmp:          0 kB
CommitLimit:     7812956 kB
Committed_AS:    4601580 kB
VmallocTotal:   34359738367 kB
VmallocUsed:      551348 kB
VmallocChunk:   34359172960 kB
HardwareCorrupted:     0 kB
AnonHugePages:         0 kB
HugePages_Total:       0
HugePages_Free:        0
HugePages_Rsvd:        0
HugePages_Surp:        0
Hugepagesize:       2048 kB
DirectMap4k:       49984 kB
DirectMap2M:     3086336 kB


CPU:total 2 (2 cores per cpu, 1 threads per core) family 6 model 15 stepping 13, cmov, cx8, fxsr, mmx, sse, sse2, sse3, ssse3, tsc

/proc/cpuinfo:
processor	: 0
vendor_id	: GenuineIntel
cpu family	: 6
model		: 15
model name	: Intel(R) Core(TM)2 Duo CPU     T5750  @ 2.00GHz
stepping	: 13
microcode	: 0xa4
cpu MHz		: 2000.000
cache size	: 2048 KB
physical id	: 0
siblings	: 2
core id		: 0
cpu cores	: 2
apicid		: 0
initial apicid	: 0
fpu		: yes
fpu_exception	: yes
cpuid level	: 10
wp		: yes
flags		: fpu vme de pse tsc msr pae mce cx8 apic sep mtrr pge mca cmov pat pse36 clflush dts acpi mmx fxsr sse sse2 ss ht tm pbe syscall nx lm constant_tsc arch_perfmon pebs bts rep_good nopl aperfmperf pni dtes64 monitor ds_cpl est tm2 ssse3 cx16 xtpr pdcm lahf_lm dtherm
bogomips	: 3990.65
clflush size	: 64
cache_alignment	: 64
address sizes	: 36 bits physical, 48 bits virtual
power management:

processor	: 1
vendor_id	: GenuineIntel
cpu family	: 6
model		: 15
model name	: Intel(R) Core(TM)2 Duo CPU     T5750  @ 2.00GHz
stepping	: 13
microcode	: 0xa4
cpu MHz		: 2000.000
cache size	: 2048 KB
physical id	: 0
siblings	: 2
core id		: 1
cpu cores	: 2
apicid		: 1
initial apicid	: 1
fpu		: yes
fpu_exception	: yes
cpuid level	: 10
wp		: yes
flags		: fpu vme de pse tsc msr pae mce cx8 apic sep mtrr pge mca cmov pat pse36 clflush dts acpi mmx fxsr sse sse2 ss ht tm pbe syscall nx lm constant_tsc arch_perfmon pebs bts rep_good nopl aperfmperf pni dtes64 monitor ds_cpl est tm2 ssse3 cx16 xtpr pdcm lahf_lm dtherm
bogomips	: 3990.01
clflush size	: 64
cache_alignment	: 64
address sizes	: 36 bits physical, 48 bits virtual
power management:



Memory: 4k page, physical 3086016k(443152k free), swap 6269948k(5888068k free)

vm_info: OpenJDK 64-Bit Server VM (24.65-b04) for linux-amd64 JRE (1.7.0_65-b32), built on Aug 30 2014 21:09:14 by "pbuilder" with gcc 4.7.2

time: Mon Nov 23 00:55:19 2015
elapsed time: 864 seconds

